2025-08-29 02:01:25,089 INFO 载入数据......
2025-08-29 02:01:25,093 DEBUG 载入完成,准备生成字典对象和统计文本数据...
2025-08-29 02:01:25,110 INFO 共有15110个文档
2025-08-29 02:01:25,115 INFO 词与序号对应关系已保存到D:\Sentiment_Analyse_master\Sentiment_Analyse_master\step5_LDA\data\tmp\wordidmap.dat
2025-08-29 02:10:44,609 INFO 载入数据......
2025-08-29 02:10:44,612 DEBUG 载入完成,准备生成字典对象和统计文本数据...
2025-08-29 02:10:44,634 INFO 共有15110个文档
2025-08-29 02:10:44,654 INFO 词与序号对应关系已保存到D:\Sentiment_Analyse_master\Sentiment_Analyse_master\step5_LDA\data\tmp\wordidmap.dat
2025-08-29 02:12:42,400 INFO 载入数据......
2025-08-29 02:12:42,404 DEBUG 载入完成,准备生成字典对象和统计文本数据...
2025-08-29 02:12:42,516 INFO 共有15110个文档
2025-08-29 02:12:42,533 INFO 词与序号对应关系已保存到D:\Sentiment_Analyse_master\Sentiment_Analyse_master\step5_LDA\data\tmp\wordidmap.dat
2025-08-29 02:14:28,186 INFO 载入数据......
2025-08-29 02:14:28,189 DEBUG 载入完成,准备生成字典对象和统计文本数据...
2025-08-29 02:14:28,216 INFO 共有13517个文档
2025-08-29 02:14:28,222 INFO 词与序号对应关系已保存到D:\Sentiment_Analyse_master\Sentiment_Analyse_master\step5_LDA\data\tmp\wordidmap.dat
2025-08-29 02:31:03,354 INFO 载入数据......
2025-08-29 02:31:03,355 DEBUG 载入完成,准备生成字典对象和统计文本数据...
2025-08-29 02:31:03,374 INFO 共有283个文档
2025-08-29 02:31:03,399 INFO 词与序号对应关系已保存到D:\Sentiment_Analyse_master\Sentiment_Analyse_master\step5_LDA\data\tmp\wordidmap.dat
2025-08-29 02:33:08,995 INFO 载入数据......
2025-08-29 02:33:08,998 DEBUG 载入完成,准备生成字典对象和统计文本数据...
2025-08-29 02:33:09,059 INFO 共有283个文档
2025-08-29 02:33:09,197 INFO 词与序号对应关系已保存到D:\Sentiment_Analyse_master\Sentiment_Analyse_master\step5_LDA\data\tmp\wordidmap.dat
2025-08-29 02:33:09,869 INFO 载入数据......
2025-08-29 02:33:09,870 DEBUG 载入完成,准备生成字典对象和统计文本数据...
2025-08-29 02:33:09,906 INFO 共有283个文档
2025-08-29 02:33:09,920 INFO 词与序号对应关系已保存到D:\Sentiment_Analyse_master\Sentiment_Analyse_master\step5_LDA\data\tmp\wordidmap.dat
2025-08-29 02:34:17,558 INFO 载入数据......
2025-08-29 02:34:17,560 DEBUG 载入完成,准备生成字典对象和统计文本数据...
2025-08-29 02:34:17,572 INFO 共有283个文档
2025-08-29 02:34:17,580 INFO 词与序号对应关系已保存到D:\Sentiment_Analyse_master\Sentiment_Analyse_master\step5_LDA\data\tmp\wordidmap.dat
2025-08-29 02:39:23,471 INFO 载入数据......
2025-08-29 02:39:23,473 DEBUG 载入完成,准备生成字典对象和统计文本数据...
2025-08-29 02:39:23,482 INFO 共有283个文档
2025-08-29 02:39:23,489 INFO 词与序号对应关系已保存到D:\Sentiment_Analyse_master\Sentiment_Analyse_master\step5_LDA\data\tmp\wordidmap.dat
2025-08-29 02:41:28,729 INFO 载入数据......
2025-08-29 02:41:28,733 DEBUG 载入完成,准备生成字典对象和统计文本数据...
2025-08-29 02:41:28,750 INFO 共有283个文档
2025-08-29 02:41:28,764 INFO 词与序号对应关系已保存到D:\Sentiment_Analyse_master\Sentiment_Analyse_master\step5_LDA\data\tmp\wordidmap.dat
2025-08-29 02:42:41,823 INFO 载入数据......
2025-08-29 02:42:41,824 DEBUG 载入完成,准备生成字典对象和统计文本数据...
2025-08-29 02:42:41,836 INFO 共有283个文档
2025-08-29 02:42:41,846 INFO 词与序号对应关系已保存到D:\Sentiment_Analyse_master\Sentiment_Analyse_master\step5_LDA\data\tmp\wordidmap.dat

2025-08-29 02:48:39,303 INFO 载入数据......
2025-08-29 02:48:39,305 DEBUG 载入完成,准备生成字典对象和统计文本数据...
2025-08-29 02:48:39,313 INFO 共有283个文档
2025-08-29 02:48:39,319 INFO 词与序号对应关系已保存到D:\Sentiment_Analyse_master\Sentiment_Analyse_master\step5_LDA\data\tmp\wordidmap.dat
2025-08-29 04:29:35,609 INFO 迭代完成。
2025-08-29 04:29:35,610 DEBUG 计算文章-主题分布
2025-08-29 04:29:35,612 DEBUG 计算词-主题分布
2025-08-29 04:29:35,613 DEBUG 保存模型
2025-08-29 04:29:35,613 INFO 文章-主题分布已保存到D:\Sentiment_Analyse_master\Sentiment_Analyse_master\step5_LDA\data\tmp\model_theta.dat
2025-08-29 04:29:35,618 INFO 词-主题分布已保存到D:\Sentiment_Analyse_master\Sentiment_Analyse_master\step5_LDA\data\tmp\model_phi.dat
2025-08-29 04:29:36,761 INFO 参数设置已保存到D:\Sentiment_Analyse_master\Sentiment_Analyse_master\step5_LDA\data\tmp\model_parameter.dat
2025-08-29 04:29:36,838 INFO 主题topN词已保存到D:\Sentiment_Analyse_master\Sentiment_Analyse_master\step5_LDA\data\tmp\model_twords.dat
2025-08-29 04:29:40,864 INFO 文章-词-主题分派结果已保存到D:\Sentiment_Analyse_master\Sentiment_Analyse_master\step5_LDA\data\tmp\model_tassign.dat
2025-08-29 04:29:41,586 INFO 模型训练完成。
